Build started 3/5/2015 8:50:34 AM.
     1>Project "E:\OpenCV-3-Build-essentials\Advanced\Python-2.7.9\Python-2.7.9\PCbuild\_sqlite3.vcxproj" on node 6 (Build target(s)).
     1>ClCompile:
         C:\Program Files (x86)\Microsoft Visual Studio 12.0\VC\bin\CL.exe /c /I"..\externals\sqlite-3.6.21" /I..\Include /I..\PC /I"C:\Program Files (x86)\Visual Leak Detector\include" /Zi /nologo /W3 /WX- /Od /Oy- /D "MODULE_NAME=\"sqlite3\"" /D Py_BUILD_CORE_MODULE /D _DEBUG /D _WIN32 /D _WINDLL /GF /Gm- /MDd /GS /Gy /fp:precise /Zc:wchar_t /Zc:forScope /Fo"E:\OpenCV-3-Build-essentials\Advanced\Python-2.7.9\Python-2.7.9\PCbuild\Win32-temp-Debug\_sqlite3\\" /Fd"E:\OpenCV-3-Build-essentials\Advanced\Python-2.7.9\Python-2.7.9\PCbuild\Win32-temp-Debug\_sqlite3\vc120.pdb" /Gd /TC /analyze- /errorReport:prompt ..\Modules\_sqlite\cache.c ..\Modules\_sqlite\connection.c ..\Modules\_sqlite\cursor.c ..\Modules\_sqlite\microprotocols.c ..\Modules\_sqlite\module.c ..\Modules\_sqlite\prepare_protocol.c ..\Modules\_sqlite\row.c ..\Modules\_sqlite\statement.c ..\Modules\_sqlite\util.c
         cache.c
         connection.c
     1>e:\opencv-3-build-essentials\advanced\python-2.7.9\python-2.7.9\modules\_sqlite\connection.h(33): fatal error C1083: Cannot open include file: 'sqlite3.h': No such file or directory
         cursor.c
     1>e:\opencv-3-build-essentials\advanced\python-2.7.9\python-2.7.9\modules\_sqlite\connection.h(33): fatal error C1083: Cannot open include file: 'sqlite3.h': No such file or directory
         microprotocols.c
     1>e:\opencv-3-build-essentials\advanced\python-2.7.9\python-2.7.9\modules\_sqlite\connection.h(33): fatal error C1083: Cannot open include file: 'sqlite3.h': No such file or directory
         module.c
     1>e:\opencv-3-build-essentials\advanced\python-2.7.9\python-2.7.9\modules\_sqlite\connection.h(33): fatal error C1083: Cannot open include file: 'sqlite3.h': No such file or directory
         prepare_protocol.c
         row.c
     1>e:\opencv-3-build-essentials\advanced\python-2.7.9\python-2.7.9\modules\_sqlite\connection.h(33): fatal error C1083: Cannot open include file: 'sqlite3.h': No such file or directory
         statement.c
     1>e:\opencv-3-build-essentials\advanced\python-2.7.9\python-2.7.9\modules\_sqlite\connection.h(33): fatal error C1083: Cannot open include file: 'sqlite3.h': No such file or directory
         util.c
     1>e:\opencv-3-build-essentials\advanced\python-2.7.9\python-2.7.9\modules\_sqlite\connection.h(33): fatal error C1083: Cannot open include file: 'sqlite3.h': No such file or directory
         Generating Code...
     1>Done Building Project "E:\OpenCV-3-Build-essentials\Advanced\Python-2.7.9\Python-2.7.9\PCbuild\_sqlite3.vcxproj" (Build target(s)) -- FAILED.

Build FAILED.

Time Elapsed 00:00:00.94
